

Started GET "/" for 127.0.0.1 at 2016-04-20 11:12:00 +0200

ActiveRecord::NoDatabaseError (Unknown database 'RailsProject_development'):
  activerecord (4.2.6) lib/active_record/connection_adapters/mysql2_adapter.rb:23:in `rescue in mysql2_connection'
  activerecord (4.2.6) lib/active_record/connection_adapters/mysql2_adapter.rb:10:in `mysql2_connection'
  activerecord (4.2.6) lib/active_record/connection_adapters/abstract/connection_pool.rb:438:in `new_connection'
  activerecord (4.2.6) lib/active_record/connection_adapters/abstract/connection_pool.rb:448:in `checkout_new_connection'
  activerecord (4.2.6) lib/active_record/connection_adapters/abstract/connection_pool.rb:422:in `acquire_connection'
  activerecord (4.2.6) lib/active_record/connection_adapters/abstract/connection_pool.rb:349:in `block in checkout'
  /home/hesham/.rvm/rubies/ruby-2.3.0/lib/ruby/2.3.0/monitor.rb:214:in `mon_synchronize'
  activerecord (4.2.6) lib/active_record/connection_adapters/abstract/connection_pool.rb:348:in `checkout'
  activerecord (4.2.6) lib/active_record/connection_adapters/abstract/connection_pool.rb:263:in `block in connection'
  /home/hesham/.rvm/rubies/ruby-2.3.0/lib/ruby/2.3.0/monitor.rb:214:in `mon_synchronize'
  activerecord (4.2.6) lib/active_record/connection_adapters/abstract/connection_pool.rb:262:in `connection'
  activerecord (4.2.6) lib/active_record/connection_adapters/abstract/connection_pool.rb:571:in `retrieve_connection'
  activerecord (4.2.6) lib/active_record/connection_handling.rb:113:in `retrieve_connection'
  activerecord (4.2.6) lib/active_record/connection_handling.rb:87:in `connection'
  activerecord (4.2.6) lib/active_record/migration.rb:383:in `connection'
  activerecord (4.2.6) lib/active_record/migration.rb:370:in `call'
  actionpack (4.2.6) lib/action_dispatch/middleware/callbacks.rb:29:in `block in call'
  activesupport (4.2.6) lib/active_support/callbacks.rb:88:in `__run_callbacks__'
  activesupport (4.2.6) lib/active_support/callbacks.rb:778:in `_run_call_callbacks'
  activesupport (4.2.6) lib/active_support/callbacks.rb:81:in `run_callbacks'
  actionpack (4.2.6) lib/action_dispatch/middleware/callbacks.rb:27:in `call'
  actionpack (4.2.6) lib/action_dispatch/middleware/reloader.rb:73:in `call'
  actionpack (4.2.6) lib/action_dispatch/middleware/remote_ip.rb:78:in `call'
  actionpack (4.2.6) lib/action_dispatch/middleware/debug_exceptions.rb:17:in `call'
  web-console (2.3.0) lib/web_console/middleware.rb:28:in `block in call'
  web-console (2.3.0) lib/web_console/middleware.rb:18:in `catch'
  web-console (2.3.0) lib/web_console/middleware.rb:18:in `call'
  actionpack (4.2.6) lib/action_dispatch/middleware/show_exceptions.rb:30:in `call'
  railties (4.2.6) lib/rails/rack/logger.rb:38:in `call_app'
  railties (4.2.6) lib/rails/rack/logger.rb:20:in `block in call'
  activesupport (4.2.6) lib/active_support/tagged_logging.rb:68:in `block in tagged'
  activesupport (4.2.6) lib/active_support/tagged_logging.rb:26:in `tagged'
  activesupport (4.2.6) lib/active_support/tagged_logging.rb:68:in `tagged'
  railties (4.2.6) lib/rails/rack/logger.rb:20:in `call'
  actionpack (4.2.6) lib/action_dispatch/middleware/request_id.rb:21:in `call'
  rack (1.6.4) lib/rack/methodoverride.rb:22:in `call'
  rack (1.6.4) lib/rack/runtime.rb:18:in `call'
  activesupport (4.2.6) lib/active_support/cache/strategy/local_cache_middleware.rb:28:in `call'
  rack (1.6.4) lib/rack/lock.rb:17:in `call'
  actionpack (4.2.6) lib/action_dispatch/middleware/static.rb:120:in `call'
  rack (1.6.4) lib/rack/sendfile.rb:113:in `call'
  railties (4.2.6) lib/rails/engine.rb:518:in `call'
  railties (4.2.6) lib/rails/application.rb:165:in `call'
  rack (1.6.4) lib/rack/lock.rb:17:in `call'
  rack (1.6.4) lib/rack/content_length.rb:15:in `call'
  rack (1.6.4) lib/rack/handler/webrick.rb:88:in `service'
  /home/hesham/.rvm/rubies/ruby-2.3.0/lib/ruby/2.3.0/webrick/httpserver.rb:140:in `service'
  /home/hesham/.rvm/rubies/ruby-2.3.0/lib/ruby/2.3.0/webrick/httpserver.rb:96:in `run'
  /home/hesham/.rvm/rubies/ruby-2.3.0/lib/ruby/2.3.0/webrick/server.rb:296:in `block in start_thread'


  Rendered /home/hesham/.rvm/gems/ruby-2.3.0@rails4/gems/actionpack-4.2.6/lib/action_dispatch/middleware/templates/rescues/_source.erb (4.7ms)
  Rendered /home/hesham/.rvm/gems/ruby-2.3.0@rails4/gems/actionpack-4.2.6/lib/action_dispatch/middleware/templates/rescues/_trace.html.erb (2.3ms)
  Rendered /home/hesham/.rvm/gems/ruby-2.3.0@rails4/gems/actionpack-4.2.6/lib/action_dispatch/middleware/templates/rescues/_request_and_response.html.erb (1.3ms)
  Rendered /home/hesham/.rvm/gems/ruby-2.3.0@rails4/gems/actionpack-4.2.6/lib/action_dispatch/middleware/templates/rescues/diagnostics.html.erb within rescues/layout (27.5ms)
  Rendered /home/hesham/.rvm/gems/ruby-2.3.0@rails4/gems/web-console-2.3.0/lib/web_console/templates/_markup.html.erb (0.5ms)
  Rendered /home/hesham/.rvm/gems/ruby-2.3.0@rails4/gems/web-console-2.3.0/lib/web_console/templates/_inner_console_markup.html.erb within layouts/inlined_string (0.3ms)
  Rendered /home/hesham/.rvm/gems/ruby-2.3.0@rails4/gems/web-console-2.3.0/lib/web_console/templates/_prompt_box_markup.html.erb within layouts/inlined_string (0.4ms)
  Rendered /home/hesham/.rvm/gems/ruby-2.3.0@rails4/gems/web-console-2.3.0/lib/web_console/templates/style.css.erb within layouts/inlined_string (0.4ms)
  Rendered /home/hesham/.rvm/gems/ruby-2.3.0@rails4/gems/web-console-2.3.0/lib/web_console/templates/console.js.erb within layouts/javascript (25.3ms)
  Rendered /home/hesham/.rvm/gems/ruby-2.3.0@rails4/gems/web-console-2.3.0/lib/web_console/templates/main.js.erb within layouts/javascript (0.4ms)
  Rendered /home/hesham/.rvm/gems/ruby-2.3.0@rails4/gems/web-console-2.3.0/lib/web_console/templates/error_page.js.erb within layouts/javascript (0.5ms)
  Rendered /home/hesham/.rvm/gems/ruby-2.3.0@rails4/gems/web-console-2.3.0/lib/web_console/templates/index.html.erb (49.2ms)


Started GET "/" for 127.0.0.1 at 2016-04-20 11:14:26 +0200
Processing by Rails::WelcomeController#index as HTML
  Rendered /home/hesham/.rvm/gems/ruby-2.3.0@rails4/gems/railties-4.2.6/lib/rails/templates/rails/welcome/index.html.erb (6.1ms)
Completed 200 OK in 121ms (Views: 43.0ms | ActiveRecord: 0.0ms)


Started GET "/" for 127.0.0.1 at 2016-04-20 11:57:10 +0200
Processing by PagesController#index as HTML
  Rendered pages/index.html.erb within layouts/application (59.5ms)
Completed 500 Internal Server Error in 115ms (ActiveRecord: 0.0ms)

ActionView::Template::Error (undefined local variable or method `new_user_registration_path' for #<#<Class:0x0000000244c0a8>:0x00000002433b98>):
    4:       <h1>Welcome!</h1>
    5:       <p>Register to get started.</p>
    6:       <p>
    7:         <%= link_to 'Register', new_user_registration_path, class: 'btn btn-primary btn-lg' %>
    8:       </p>
    9:     </div>
   10:   </div>
  app/views/pages/index.html.erb:7:in `block in _app_views_pages_index_html_erb___3418080536424715444_18581540'
  app/views/pages/index.html.erb:1:in `_app_views_pages_index_html_erb___3418080536424715444_18581540'


  Rendered /home/hesham/.rvm/gems/ruby-2.3.0@rails4/gems/actionpack-4.2.6/lib/action_dispatch/middleware/templates/rescues/_source.erb (11.4ms)
  Rendered /home/hesham/.rvm/gems/ruby-2.3.0@rails4/gems/actionpack-4.2.6/lib/action_dispatch/middleware/templates/rescues/_trace.html.erb (4.2ms)
  Rendered /home/hesham/.rvm/gems/ruby-2.3.0@rails4/gems/actionpack-4.2.6/lib/action_dispatch/middleware/templates/rescues/_request_and_response.html.erb (1.3ms)
  Rendered /home/hesham/.rvm/gems/ruby-2.3.0@rails4/gems/actionpack-4.2.6/lib/action_dispatch/middleware/templates/rescues/template_error.html.erb within rescues/layout (37.8ms)
  Rendered /home/hesham/.rvm/gems/ruby-2.3.0@rails4/gems/web-console-2.3.0/lib/web_console/templates/_markup.html.erb (0.6ms)
  Rendered /home/hesham/.rvm/gems/ruby-2.3.0@rails4/gems/web-console-2.3.0/lib/web_console/templates/_inner_console_markup.html.erb within layouts/inlined_string (4.4ms)
  Rendered /home/hesham/.rvm/gems/ruby-2.3.0@rails4/gems/web-console-2.3.0/lib/web_console/templates/_prompt_box_markup.html.erb within layouts/inlined_string (0.3ms)
  Rendered /home/hesham/.rvm/gems/ruby-2.3.0@rails4/gems/web-console-2.3.0/lib/web_console/templates/style.css.erb within layouts/inlined_string (0.7ms)
  Rendered /home/hesham/.rvm/gems/ruby-2.3.0@rails4/gems/web-console-2.3.0/lib/web_console/templates/console.js.erb within layouts/javascript (33.0ms)
  Rendered /home/hesham/.rvm/gems/ruby-2.3.0@rails4/gems/web-console-2.3.0/lib/web_console/templates/main.js.erb within layouts/javascript (0.3ms)
  Rendered /home/hesham/.rvm/gems/ruby-2.3.0@rails4/gems/web-console-2.3.0/lib/web_console/templates/error_page.js.erb within layouts/javascript (0.5ms)
  Rendered /home/hesham/.rvm/gems/ruby-2.3.0@rails4/gems/web-console-2.3.0/lib/web_console/templates/index.html.erb (60.4ms)


Started GET "/" for 127.0.0.1 at 2016-04-20 11:57:42 +0200
Processing by PagesController#index as HTML
  Rendered pages/index.html.erb within layouts/application (62.1ms)
Completed 500 Internal Server Error in 84ms (ActiveRecord: 0.0ms)

ActionView::Template::Error (undefined local variable or method `new_user_registration_path' for #<#<Class:0x00000003dfc2c8>:0x00000003ddb6b8>):
    4:       <h1>Welcome!</h1>
    5:       <p>Register to get started.</p>
    6:       <p>
    7:         <%= link_to 'Register', new_user_registration_path, class: 'btn btn-primary btn-lg' %>
    8:       </p>
    9:     </div>
   10:   </div>
  app/views/pages/index.html.erb:7:in `block in _app_views_pages_index_html_erb___3418080536424715444_18581540'
  app/views/pages/index.html.erb:1:in `_app_views_pages_index_html_erb___3418080536424715444_18581540'


  Rendered /home/hesham/.rvm/gems/ruby-2.3.0@rails4/gems/actionpack-4.2.6/lib/action_dispatch/middleware/templates/rescues/_source.erb (11.1ms)
  Rendered /home/hesham/.rvm/gems/ruby-2.3.0@rails4/gems/actionpack-4.2.6/lib/action_dispatch/middleware/templates/rescues/_trace.html.erb (4.0ms)
  Rendered /home/hesham/.rvm/gems/ruby-2.3.0@rails4/gems/actionpack-4.2.6/lib/action_dispatch/middleware/templates/rescues/_request_and_response.html.erb (1.3ms)
  Rendered /home/hesham/.rvm/gems/ruby-2.3.0@rails4/gems/actionpack-4.2.6/lib/action_dispatch/middleware/templates/rescues/template_error.html.erb within rescues/layout (33.8ms)
  Rendered /home/hesham/.rvm/gems/ruby-2.3.0@rails4/gems/web-console-2.3.0/lib/web_console/templates/_markup.html.erb (0.4ms)
  Rendered /home/hesham/.rvm/gems/ruby-2.3.0@rails4/gems/web-console-2.3.0/lib/web_console/templates/_inner_console_markup.html.erb within layouts/inlined_string (0.4ms)
  Rendered /home/hesham/.rvm/gems/ruby-2.3.0@rails4/gems/web-console-2.3.0/lib/web_console/templates/_prompt_box_markup.html.erb within layouts/inlined_string (0.3ms)
  Rendered /home/hesham/.rvm/gems/ruby-2.3.0@rails4/gems/web-console-2.3.0/lib/web_console/templates/style.css.erb within layouts/inlined_string (0.4ms)
  Rendered /home/hesham/.rvm/gems/ruby-2.3.0@rails4/gems/web-console-2.3.0/lib/web_console/templates/console.js.erb within layouts/javascript (19.9ms)
  Rendered /home/hesham/.rvm/gems/ruby-2.3.0@rails4/gems/web-console-2.3.0/lib/web_console/templates/main.js.erb within layouts/javascript (0.5ms)
  Rendered /home/hesham/.rvm/gems/ruby-2.3.0@rails4/gems/web-console-2.3.0/lib/web_console/templates/error_page.js.erb within layouts/javascript (0.6ms)
  Rendered /home/hesham/.rvm/gems/ruby-2.3.0@rails4/gems/web-console-2.3.0/lib/web_console/templates/index.html.erb (42.3ms)


Started GET "/" for 127.0.0.1 at 2016-04-20 13:03:17 +0200
Processing by PagesController#index as HTML
  Rendered pages/index.html.erb within layouts/application (66.3ms)
Completed 500 Internal Server Error in 95ms (ActiveRecord: 0.0ms)

ActionView::Template::Error (undefined local variable or method `new_user_registration_path' for #<#<Class:0x00000003dfc2c8>:0x0000000275bcd0>):
    4:       <h1>Welcome!</h1>
    5:       <p>Register to get started.</p>
    6:       <p>
    7:         <%= link_to 'Register', new_user_registration_path, class: 'btn btn-primary btn-lg' %>
    8:       </p>
    9:     </div>
   10:   </div>
  app/views/pages/index.html.erb:7:in `block in _app_views_pages_index_html_erb___3418080536424715444_18581540'
  app/views/pages/index.html.erb:1:in `_app_views_pages_index_html_erb___3418080536424715444_18581540'


  Rendered /home/hesham/.rvm/gems/ruby-2.3.0@rails4/gems/actionpack-4.2.6/lib/action_dispatch/middleware/templates/rescues/_source.erb (10.2ms)
  Rendered /home/hesham/.rvm/gems/ruby-2.3.0@rails4/gems/actionpack-4.2.6/lib/action_dispatch/middleware/templates/rescues/_trace.html.erb (3.6ms)
  Rendered /home/hesham/.rvm/gems/ruby-2.3.0@rails4/gems/actionpack-4.2.6/lib/action_dispatch/middleware/templates/rescues/_request_and_response.html.erb (1.8ms)
  Rendered /home/hesham/.rvm/gems/ruby-2.3.0@rails4/gems/actionpack-4.2.6/lib/action_dispatch/middleware/templates/rescues/template_error.html.erb within rescues/layout (33.2ms)
  Rendered /home/hesham/.rvm/gems/ruby-2.3.0@rails4/gems/web-console-2.3.0/lib/web_console/templates/_markup.html.erb (0.4ms)
  Rendered /home/hesham/.rvm/gems/ruby-2.3.0@rails4/gems/web-console-2.3.0/lib/web_console/templates/_inner_console_markup.html.erb within layouts/inlined_string (0.4ms)
  Rendered /home/hesham/.rvm/gems/ruby-2.3.0@rails4/gems/web-console-2.3.0/lib/web_console/templates/_prompt_box_markup.html.erb within layouts/inlined_string (0.3ms)
  Rendered /home/hesham/.rvm/gems/ruby-2.3.0@rails4/gems/web-console-2.3.0/lib/web_console/templates/style.css.erb within layouts/inlined_string (0.7ms)
  Rendered /home/hesham/.rvm/gems/ruby-2.3.0@rails4/gems/web-console-2.3.0/lib/web_console/templates/console.js.erb within layouts/javascript (21.6ms)
  Rendered /home/hesham/.rvm/gems/ruby-2.3.0@rails4/gems/web-console-2.3.0/lib/web_console/templates/main.js.erb within layouts/javascript (0.3ms)
  Rendered /home/hesham/.rvm/gems/ruby-2.3.0@rails4/gems/web-console-2.3.0/lib/web_console/templates/error_page.js.erb within layouts/javascript (0.7ms)
  Rendered /home/hesham/.rvm/gems/ruby-2.3.0@rails4/gems/web-console-2.3.0/lib/web_console/templates/index.html.erb (42.6ms)


Started GET "/" for 127.0.0.1 at 2016-04-20 13:05:23 +0200
Processing by PagesController#index as HTML
  Rendered pages/index.html.erb within layouts/application (0.8ms)
Completed 200 OK in 6835ms (Views: 6834.1ms | ActiveRecord: 0.0ms)


Started GET "/assets/application.self-3a013067362bbd347d1f6c23623ef03f196021e5f9e3591e85054f91448929b2.css?body=1" for 127.0.0.1 at 2016-04-20 13:05:30 +0200


Started GET "/assets/jquery_ujs.self-e87806d0cf4489aeb1bb7288016024e8de67fd18db693fe026fe3907581e53cd.js?body=1" for 127.0.0.1 at 2016-04-20 13:05:30 +0200


Started GET "/assets/turbolinks.self-c37727e9bd6b2735da5c311aa83fead54ed0be6cc8bd9a65309e9c5abe2cbfff.js?body=1" for 127.0.0.1 at 2016-04-20 13:05:30 +0200


Started GET "/assets/jquery.self-660adc51e0224b731d29f575a6f1ec167ba08ad06ed5deca4f1e8654c135bf4c.js?body=1" for 127.0.0.1 at 2016-04-20 13:05:30 +0200


Started GET "/assets/application.self-3b8dabdc891efe46b9a144b400ad69e37d7e5876bdc39dee783419a69d7ca819.js?body=1" for 127.0.0.1 at 2016-04-20 13:05:30 +0200
